{"numTotalTestSuites":2,"numPassedTestSuites":0,"numFailedTestSuites":2,"numPendingTestSuites":0,"numTotalTests":195,"numPassedTests":0,"numFailedTests":1,"numPendingTests":194,"numTodoTests":0,"snapshot":{"added":0,"failure":false,"filesAdded":0,"filesRemoved":0,"filesRemovedList":[],"filesUnmatched":0,"filesUpdated":0,"matched":0,"total":0,"unchecked":0,"uncheckedKeysByFile":[],"unmatched":0,"updated":0,"didUpdate":false},"startTime":1781538031568,"success":false,"testResults":[{"assertionResults":[{"ancestorTitles":["createStudioServer daemon lifecycle"],"fullName":"createStudioServer daemon lifecycle returns from /api/daemon/start before the first write cycle finishes","status":"skipped","title":"returns from /api/daemon/start before the first write cycle finishes","failureMessages":[],"meta":{}},{"ancestorTitles":["createStudioServer daemon lifecycle"],"fullName":"createStudioServer daemon lifecycle rejects book routes with path traversal ids","status":"skipped","title":"rejects book routes with path traversal ids","failureMessages":[],"meta":{}},{"ancestorTitles":["createStudioServer daemon lifecycle"],"fullName":"createStudioServer daemon lifecycle allows reading and updating fixed control truth files","status":"skipped","title":"allows reading and updating fixed control truth files","failureMessages":[],"meta":{}},{"ancestorTitles":["createStudioServer daemon lifecycle"],"fullName":"createStudioServer daemon lifecycle reflects project edits immediately without restarting the studio server","status":"skipped","title":"reflects project edits immediately without restarting the studio server","failureMessages":[],"meta":{}},{"ancestorTitles":["createStudioServer daemon lifecycle"],"fullName":"createStudioServer daemon lifecycle reloads latest llm config for doctor checks without restarting the studio server","status":"skipped","title":"reloads latest llm config for doctor checks without restarting the studio server","failureMessages":[],"meta":{}},{"ancestorTitles":["createStudioServer daemon lifecycle"],"fullName":"createStudioServer daemon lifecycle auto-falls back to a non-stream probe in doctor checks when the first transport returns empty","status":"skipped","title":"auto-falls back to a non-stream probe in doctor checks when the first transport returns empty","failureMessages":[],"meta":{}},{"ancestorTitles":["createStudioServer daemon lifecycle"],"fullName":"createStudioServer daemon lifecycle reloads latest llm config for radar scans without restarting the studio server","status":"skipped","title":"reloads latest llm config for radar scans without restarting the studio server","failureMessages":[],"meta":{}},{"ancestorTitles":["createStudioServer daemon lifecycle"],"fullName":"createStudioServer daemon lifecycle updates the first-run language immediately after the language selector saves","status":"skipped","title":"updates the first-run language immediately after the language selector saves","failureMessages":[],"meta":{}},{"ancestorTitles":["createStudioServer daemon lifecycle"],"fullName":"createStudioServer daemon lifecycle merges service config patches instead of overwriting existing services","status":"skipped","title":"merges service config patches instead of overwriting existing services","failureMessages":[],"meta":{}},{"ancestorTitles":["createStudioServer daemon lifecycle"],"fullName":"createStudioServer daemon lifecycle preserves custom service baseUrl when updating only preferredModel","status":"skipped","title":"preserves custom service baseUrl when updating only preferredModel","failureMessages":[],"meta":{}},{"ancestorTitles":["createStudioServer daemon lifecycle"],"fullName":"createStudioServer daemon lifecycle reports config source and detected env overrides for Studio switching","status":"skipped","title":"reports config source and detected env overrides for Studio switching","failureMessages":[],"meta":{}},{"ancestorTitles":["createStudioServer daemon lifecycle"],"fullName":"createStudioServer daemon lifecycle allows switching config source without overwriting services","status":"skipped","title":"allows switching config source without overwriting services","failureMessages":[],"meta":{}},{"ancestorTitles":["createStudioServer daemon lifecycle"],"fullName":"createStudioServer daemon lifecycle syncs llm.model when services config updates defaultModel","status":"skipped","title":"syncs llm.model when services config updates defaultModel","failureMessages":[],"meta":{}},{"ancestorTitles":["createStudioServer daemon lifecycle"],"fullName":"createStudioServer daemon lifecycle returns configured service together with defaultModel from services config","status":"skipped","title":"returns configured service together with defaultModel from services config","failureMessages":[],"meta":{}},{"ancestorTitles":["createStudioServer daemon lifecycle"],"fullName":"createStudioServer daemon lifecycle tests and lists models for custom services using baseUrl and stored config","status":"skipped","title":"tests and lists models for custom services using baseUrl and stored config","failureMessages":[],"meta":{}},{"ancestorTitles":["createStudioServer daemon lifecycle"],"fullName":"createStudioServer daemon lifecycle auto-detects a working custom combination when /models is unavailable","status":"skipped","title":"auto-detects a working custom combination when /models is unavailable","failureMessages":[],"meta":{}},{"ancestorTitles":["createStudioServer daemon lifecycle"],"fullName":"createStudioServer daemon lifecycle falls back to the detected/default model when custom /models is unavailable","status":"skipped","title":"falls back to the detected/default model when custom /models is unavailable","failureMessages":[],"meta":{}},{"ancestorTitles":["createStudioServer daemon lifecycle"],"fullName":"createStudioServer daemon lifecycle short-circuits service probe on 401/403 from /models","status":"skipped","title":"short-circuits service probe on 401/403 from /models","failureMessages":[],"meta":{}},{"ancestorTitles":["createStudioServer daemon lifecycle"],"fullName":"createStudioServer daemon lifecycle routes write-next with explicit service/model through selected runtime model","status":"skipped","title":"routes write-next with explicit service/model through selected runtime model","failureMessages":[],"meta":{}},{"ancestorTitles":["createStudioServer daemon lifecycle"],"fullName":"createStudioServer daemon lifecycle auto-switches reasoner model to a faster writer model for write-next and keeps quick mode disabled by default","status":"skipped","title":"auto-switches reasoner model to a faster writer model for write-next and keeps quick mode disabled by default","failureMessages":[],"meta":{}},{"ancestorTitles":["createStudioServer daemon lifecycle"],"fullName":"createStudioServer daemon lifecycle does not trigger a second audit-revise loop in studio route after write-next","status":"skipped","title":"does not trigger a second audit-revise loop in studio route after write-next","failureMessages":[],"meta":{}},{"ancestorTitles":["createStudioServer daemon lifecycle"],"fullName":"createStudioServer daemon lifecycle emits write:complete with a normalized autoReview payload for write-next route","status":"skipped","title":"emits write:complete with a normalized autoReview payload for write-next route","failureMessages":[],"meta":{}},{"ancestorTitles":["createStudioServer daemon lifecycle"],"fullName":"createStudioServer daemon lifecycle creates and completes a background book task","status":"skipped","title":"creates and completes a background book task","failureMessages":[],"meta":{}},{"ancestorTitles":["createStudioServer daemon lifecycle"],"fullName":"createStudioServer daemon lifecycle updates live word and token counts while a background task is running","status":"skipped","title":"updates live word and token counts while a background task is running","failureMessages":[],"meta":{}},{"ancestorTitles":["createStudioServer daemon lifecycle"],"fullName":"createStudioServer daemon lifecycle supports stopping a running book task","status":"skipped","title":"supports stopping a running book task","failureMessages":[],"meta":{}},{"ancestorTitles":["createStudioServer daemon lifecycle"],"fullName":"createStudioServer daemon lifecycle resumes a paused book task","status":"skipped","title":"resumes a paused book task","failureMessages":[],"meta":{}},{"ancestorTitles":["createStudioServer daemon lifecycle"],"fullName":"createStudioServer daemon lifecycle updates runtime settings for a paused book task","status":"skipped","title":"updates runtime settings for a paused book task","failureMessages":[],"meta":{}},{"ancestorTitles":["createStudioServer daemon lifecycle"],"fullName":"createStudioServer daemon lifecycle rejects runtime setting changes while a task is running","status":"skipped","title":"rejects runtime setting changes while a task is running","failureMessages":[],"meta":{}},{"ancestorTitles":["createStudioServer daemon lifecycle"],"fullName":"createStudioServer daemon lifecycle cancels a paused book task immediately when stopped","status":"skipped","title":"cancels a paused book task immediately when stopped","failureMessages":[],"meta":{}},{"ancestorTitles":["createStudioServer daemon lifecycle"],"fullName":"createStudioServer daemon lifecycle deletes a paused book task","status":"skipped","title":"deletes a paused book task","failureMessages":[],"meta":{}},{"ancestorTitles":["createStudioServer daemon lifecycle"],"fullName":"createStudioServer daemon lifecycle rejects deleting a running book task","status":"skipped","title":"rejects deleting a running book task","failureMessages":[],"meta":{}},{"ancestorTitles":["createStudioServer daemon lifecycle"],"fullName":"createStudioServer daemon lifecycle pauses an in-flight book task during recovery","status":"skipped","title":"pauses an in-flight book task during recovery","failureMessages":[],"meta":{}},{"ancestorTitles":["createStudioServer daemon lifecycle"],"fullName":"createStudioServer daemon lifecycle exposes global task list with book titles and summary","status":"skipped","title":"exposes global task list with book titles and summary","failureMessages":[],"meta":{}},{"ancestorTitles":["createStudioServer daemon lifecycle"],"fullName":"createStudioServer daemon lifecycle surfaces audit revise and save sub-stages for auto-write tasks","status":"skipped","title":"surfaces audit revise and save sub-stages for auto-write tasks","failureMessages":[],"meta":{}},{"ancestorTitles":["createStudioServer daemon lifecycle"],"fullName":"createStudioServer daemon lifecycle records exception logs when task fails","status":"skipped","title":"records exception logs when task fails","failureMessages":[],"meta":{}},{"ancestorTitles":["createStudioServer daemon lifecycle"],"fullName":"createStudioServer daemon lifecycle retries a failed task","status":"skipped","title":"retries a failed task","failureMessages":[],"meta":{}},{"ancestorTitles":["createStudioServer daemon lifecycle"],"fullName":"createStudioServer daemon lifecycle moves recoverable failures into retry_waiting when auto retry is enabled","status":"skipped","title":"moves recoverable failures into retry_waiting when auto retry is enabled","failureMessages":[],"meta":{}},{"ancestorTitles":["createStudioServer daemon lifecycle"],"fullName":"createStudioServer daemon lifecycle tests a single model connectivity with elapsed time","status":"skipped","title":"tests a single model connectivity with elapsed time","failureMessages":[],"meta":{}},{"ancestorTitles":["createStudioServer daemon lifecycle"],"fullName":"createStudioServer daemon lifecycle uses stored service api key when single model test body omits apiKey","status":"skipped","title":"uses stored service api key when single model test body omits apiKey","failureMessages":[],"meta":{}},{"ancestorTitles":["createStudioServer daemon lifecycle"],"fullName":"createStudioServer daemon lifecycle returns auth_failed for single model test on 401","status":"skipped","title":"returns auth_failed for single model test on 401","failureMessages":[],"meta":{}},{"ancestorTitles":["createStudioServer daemon lifecycle"],"fullName":"createStudioServer daemon lifecycle returns auth_failed for single model test on 403","status":"skipped","title":"returns auth_failed for single model test on 403","failureMessages":[],"meta":{}},{"ancestorTitles":["createStudioServer daemon lifecycle"],"fullName":"createStudioServer daemon lifecycle returns unsupported_model for single model test on 404","status":"skipped","title":"returns unsupported_model for single model test on 404","failureMessages":[],"meta":{}},{"ancestorTitles":["createStudioServer daemon lifecycle"],"fullName":"createStudioServer daemon lifecycle returns timeout for single model test on timeout errors","status":"skipped","title":"returns timeout for single model test on timeout errors","failureMessages":[],"meta":{}},{"ancestorTitles":["createStudioServer daemon lifecycle"],"fullName":"createStudioServer daemon lifecycle uses the MiniMax preset provider family during service probe","status":"skipped","title":"uses the MiniMax preset provider family during service probe","failureMessages":[],"meta":{}},{"ancestorTitles":["createStudioServer daemon lifecycle"],"fullName":"createStudioServer daemon lifecycle uses the preset models baseUrl when listing Bailian models","status":"skipped","title":"uses the preset models baseUrl when listing Bailian models","failureMessages":[],"meta":{}},{"ancestorTitles":["createStudioServer daemon lifecycle"],"fullName":"createStudioServer daemon lifecycle keys cached model lists by baseUrl so custom endpoints do not leak stale results","status":"skipped","title":"keys cached model lists by baseUrl so custom endpoints do not leak stale results","failureMessages":[],"meta":{}},{"ancestorTitles":["createStudioServer daemon lifecycle"],"fullName":"createStudioServer daemon lifecycle merges manual and detected models in hybrid mode","status":"skipped","title":"merges manual and detected models in hybrid mode","failureMessages":[],"meta":{}},{"ancestorTitles":["createStudioServer daemon lifecycle"],"fullName":"createStudioServer daemon lifecycle returns manual models only when modelMode=manual","status":"skipped","title":"returns manual models only when modelMode=manual","failureMessages":[],"meta":{}},{"ancestorTitles":["createStudioServer daemon lifecycle"],"fullName":"createStudioServer daemon lifecycle returns detected models only when source=auto is requested","status":"skipped","title":"returns detected models only when source=auto is requested","failureMessages":[],"meta":{}},{"ancestorTitles":["createStudioServer daemon lifecycle"],"fullName":"createStudioServer daemon lifecycle returns stored service secret for detail page rehydration","status":"skipped","title":"returns stored service secret for detail page rehydration","failureMessages":[],"meta":{}},{"ancestorTitles":["createStudioServer daemon lifecycle"],"fullName":"createStudioServer daemon lifecycle rejects create requests when a complete book with the same id already exists","status":"skipped","title":"rejects create requests when a complete book with the same id already exists","failureMessages":[],"meta":{}},{"ancestorTitles":["createStudioServer daemon lifecycle"],"fullName":"createStudioServer daemon lifecycle reports async create failures through the create-status endpoint","status":"skipped","title":"reports async create failures through the create-status endpoint","failureMessages":[],"meta":{}},{"ancestorTitles":["createStudioServer daemon lifecycle"],"fullName":"createStudioServer daemon lifecycle marks a wizard shell complete without waiting for the create pipeline","status":"skipped","title":"marks a wizard shell complete without waiting for the create pipeline","failureMessages":[],"meta":{}},{"ancestorTitles":["createStudioServer daemon lifecycle"],"fullName":"createStudioServer daemon lifecycle syncs wizard volume planning into canonical story outline files on wizard completion","status":"skipped","title":"syncs wizard volume planning into canonical story outline files on wizard completion","failureMessages":[],"meta":{}},{"ancestorTitles":["createStudioServer daemon lifecycle"],"fullName":"createStudioServer daemon lifecycle lists canonical outline files through the truth browser using normalized artifact names","status":"skipped","title":"lists canonical outline files through the truth browser using normalized artifact names","failureMessages":[],"meta":{}},{"ancestorTitles":["createStudioServer daemon lifecycle"],"fullName":"createStudioServer daemon lifecycle prefers canonical volume_map content over legacy volume_outline in truth browser listings","status":"skipped","title":"prefers canonical volume_map content over legacy volume_outline in truth browser listings","failureMessages":[],"meta":{}},{"ancestorTitles":["createStudioServer daemon lifecycle"],"fullName":"createStudioServer daemon lifecycle writes volume outline edits to the canonical outline path while keeping legacy compatibility","status":"skipped","title":"writes volume outline edits to the canonical outline path while keeping legacy compatibility","failureMessages":[],"meta":{}},{"ancestorTitles":["createStudioServer daemon lifecycle"],"fullName":"createStudioServer daemon lifecycle hydrates volume outline from wizard volume markdown when no story outline exists yet","status":"skipped","title":"hydrates volume outline from wizard volume markdown when no story outline exists yet","failureMessages":[],"meta":{}},{"ancestorTitles":["createStudioServer daemon lifecycle"],"fullName":"createStudioServer daemon lifecycle routes standalone audit through pipeline auditDraft","status":"skipped","title":"routes standalone audit through pipeline auditDraft","failureMessages":[],"meta":{}},{"ancestorTitles":["createStudioServer daemon lifecycle"],"fullName":"createStudioServer daemon lifecycle keeps standalone audit endpoint available when chapter index is missing","status":"skipped","title":"keeps standalone audit endpoint available when chapter index is missing","failureMessages":[],"meta":{}},{"ancestorTitles":["createStudioServer daemon lifecycle"],"fullName":"createStudioServer daemon lifecycle auto-revises up to three rounds when standalone audit keeps failing","status":"skipped","title":"auto-revises up to three rounds when standalone audit keeps failing","failureMessages":[],"meta":{}},{"ancestorTitles":["createStudioServer daemon lifecycle"],"fullName":"createStudioServer daemon lifecycle escalates structural stagnation with stronger override issues and stop reason","status":"skipped","title":"escalates structural stagnation with stronger override issues and stop reason","failureMessages":[],"meta":{}},{"ancestorTitles":["createStudioServer daemon lifecycle"],"fullName":"createStudioServer daemon lifecycle respects configurable stagnation threshold before forcing rewrite escalation","status":"skipped","title":"respects configurable stagnation threshold before forcing rewrite escalation","failureMessages":[],"meta":{}},{"ancestorTitles":["createStudioServer daemon lifecycle"],"fullName":"createStudioServer daemon lifecycle auto-revises once and exits when second-round audit passes","status":"skipped","title":"auto-revises once and exits when second-round audit passes","failureMessages":[],"meta":{}},{"ancestorTitles":["createStudioServer daemon lifecycle"],"fullName":"createStudioServer daemon lifecycle treats low-score audit as failed and enters auto-revise even when passed=true","status":"skipped","title":"treats low-score audit as failed and enters auto-revise even when passed=true","failureMessages":[],"meta":{}},{"ancestorTitles":["createStudioServer daemon lifecycle"],"fullName":"createStudioServer daemon lifecycle skips auto revise when autoReview.enabled is false","status":"skipped","title":"skips auto revise when autoReview.enabled is false","failureMessages":[],"meta":{}},{"ancestorTitles":["createStudioServer daemon lifecycle"],"fullName":"createStudioServer daemon lifecycle disables unified review loop when INKOS_UNIFIED_REVIEW_LOOP=false","status":"skipped","title":"disables unified review loop when INKOS_UNIFIED_REVIEW_LOOP=false","failureMessages":[],"meta":{}},{"ancestorTitles":["createStudioServer daemon lifecycle"],"fullName":"createStudioServer daemon lifecycle returns default review metrics payload in analytics endpoint","status":"skipped","title":"returns default review metrics payload in analytics endpoint","failureMessages":[],"meta":{}},{"ancestorTitles":["createStudioServer daemon lifecycle"],"fullName":"createStudioServer daemon lifecycle aggregates review metrics and buckets by entry in analytics endpoint","status":"skipped","title":"aggregates review metrics and buckets by entry in analytics endpoint","failureMessages":[],"meta":{}},{"ancestorTitles":["createStudioServer daemon lifecycle"],"fullName":"createStudioServer daemon lifecycle returns normalized chapter word count in chapter detail endpoint","status":"skipped","title":"returns normalized chapter word count in chapter detail endpoint","failureMessages":[],"meta":{}},{"ancestorTitles":["createStudioServer daemon lifecycle"],"fullName":"createStudioServer daemon lifecycle self-heals stale chapter index wordCount when opening chapter detail","status":"skipped","title":"self-heals stale chapter index wordCount when opening chapter detail","failureMessages":[],"meta":{}},{"ancestorTitles":["createStudioServer daemon lifecycle"],"fullName":"createStudioServer daemon lifecycle syncs chapter index wordCount when manually saving chapter content","status":"skipped","title":"syncs chapter index wordCount when manually saving chapter content","failureMessages":[],"meta":{}},{"ancestorTitles":["createStudioServer daemon lifecycle"],"fullName":"createStudioServer daemon lifecycle uses book.json targetChapters for precheck generation truncation","status":"skipped","title":"uses book.json targetChapters for precheck generation truncation","failureMessages":[],"meta":{}},{"ancestorTitles":["createStudioServer daemon lifecycle"],"fullName":"createStudioServer daemon lifecycle ignores volume outline chapter counts when book.json has a different limit","status":"skipped","title":"ignores volume outline chapter counts when book.json has a different limit","failureMessages":[],"meta":{}},{"ancestorTitles":["createStudioServer daemon lifecycle"],"fullName":"createStudioServer daemon lifecycle flags existing chapter content as a generation conflict during precheck","status":"skipped","title":"flags existing chapter content as a generation conflict during precheck","failureMessages":[],"meta":{}},{"ancestorTitles":["createStudioServer daemon lifecycle"],"fullName":"createStudioServer daemon lifecycle rejects manual chapter-plan edits when the chapter already has content","status":"skipped","title":"rejects manual chapter-plan edits when the chapter already has content","failureMessages":[],"meta":{}},{"ancestorTitles":["createStudioServer daemon lifecycle"],"fullName":"createStudioServer daemon lifecycle rejects AI chapter-plan optimization when the chapter already has content","status":"skipped","title":"rejects AI chapter-plan optimization when the chapter already has content","failureMessages":[],"meta":{}},{"ancestorTitles":["createStudioServer daemon lifecycle"],"fullName":"createStudioServer daemon lifecycle marks chapter plans as approved and clears review state when approving","status":"skipped","title":"marks chapter plans as approved and clears review state when approving","failureMessages":[],"meta":{}},{"ancestorTitles":["createStudioServer daemon lifecycle"],"fullName":"createStudioServer daemon lifecycle rejects chapter approval when latest audit score is below 80","status":"skipped","title":"rejects chapter approval when latest audit score is below 80","failureMessages":[],"meta":{}},{"ancestorTitles":["createStudioServer daemon lifecycle"],"fullName":"createStudioServer daemon lifecycle appends manual chapter-plan edits to history","status":"skipped","title":"appends manual chapter-plan edits to history","failureMessages":[],"meta":{}},{"ancestorTitles":["createStudioServer daemon lifecycle"],"fullName":"createStudioServer daemon lifecycle appends ai chapter-plan edits to history","status":"skipped","title":"appends ai chapter-plan edits to history","failureMessages":[],"meta":{}},{"ancestorTitles":["createStudioServer daemon lifecycle"],"fullName":"createStudioServer daemon lifecycle appends generated chapter plans to history","status":"skipped","title":"appends generated chapter plans to history","failureMessages":[],"meta":{}},{"ancestorTitles":["createStudioServer daemon lifecycle"],"fullName":"createStudioServer daemon lifecycle appends backfilled chapter plans to history","status":"skipped","title":"appends backfilled chapter plans to history","failureMessages":[],"meta":{}},{"ancestorTitles":["createStudioServer daemon lifecycle"],"fullName":"createStudioServer daemon lifecycle includes action labels in chapter-plan history responses","status":"skipped","title":"includes action labels in chapter-plan history responses","failureMessages":[],"meta":{}},{"ancestorTitles":["createStudioServer daemon lifecycle"],"fullName":"createStudioServer daemon lifecycle uses rollback semantics for chapter rejection instead of only flipping status","status":"skipped","title":"uses rollback semantics for chapter rejection instead of only flipping status","failureMessages":[],"meta":{}},{"ancestorTitles":["createStudioServer daemon lifecycle"],"fullName":"createStudioServer daemon lifecycle backfills existing planned chapters from chapter content instead of skipping them","status":"skipped","title":"backfills existing planned chapters from chapter content instead of skipping them","failureMessages":[],"meta":{}},{"ancestorTitles":["createStudioServer daemon lifecycle"],"fullName":"createStudioServer daemon lifecycle backfills missing chapter plans when endChapter is omitted","status":"skipped","title":"backfills missing chapter plans when endChapter is omitted","failureMessages":[],"meta":{}},{"ancestorTitles":["createStudioServer daemon lifecycle"],"fullName":"createStudioServer daemon lifecycle routes create requests through the shared structured interaction runtime","status":"skipped","title":"routes create requests through the shared structured interaction runtime","failureMessages":[],"meta":{}},{"ancestorTitles":["createStudioServer daemon lifecycle"],"fullName":"createStudioServer daemon lifecycle passes one-off brief into revise requests through pipeline config","status":"skipped","title":"passes one-off brief into revise requests through pipeline config","failureMessages":[],"meta":{}},{"ancestorTitles":["createStudioServer daemon lifecycle"],"fullName":"createStudioServer daemon lifecycle uses non-destructive rewrite execution for /api/v1/books/:id/rewrite/:chapter by default","status":"skipped","title":"uses non-destructive rewrite execution for /api/v1/books/:id/rewrite/:chapter by default","failureMessages":[],"meta":{}},{"ancestorTitles":["createStudioServer daemon lifecycle"],"fullName":"createStudioServer daemon lifecycle returns destructive rewrite risk summary for /api/v1/books/:id/rewrite/:chapter","status":"skipped","title":"returns destructive rewrite risk summary for /api/v1/books/:id/rewrite/:chapter","failureMessages":[],"meta":{}},{"ancestorTitles":["createStudioServer daemon lifecycle"],"fullName":"createStudioServer daemon lifecycle blocks destructive rewrite endpoint unless advanced mode is enabled","status":"skipped","title":"blocks destructive rewrite endpoint unless advanced mode is enabled","failureMessages":[],"meta":{}},{"ancestorTitles":["createStudioServer daemon lifecycle"],"fullName":"createStudioServer daemon lifecycle emits rewrite:error when non-destructive rewrite endpoint fails","status":"skipped","title":"emits rewrite:error when non-destructive rewrite endpoint fails","failureMessages":[],"meta":{}},{"ancestorTitles":["createStudioServer daemon lifecycle"],"fullName":"createStudioServer daemon lifecycle emits rewrite:error when non-destructive rewrite causes downstream consistency regression","status":"skipped","title":"emits rewrite:error when non-destructive rewrite causes downstream consistency regression","failureMessages":[],"meta":{}},{"ancestorTitles":["createStudioServer daemon lifecycle"],"fullName":"createStudioServer daemon lifecycle exposes a resync endpoint for rebuilding latest chapter truth artifacts","status":"skipped","title":"exposes a resync endpoint for rebuilding latest chapter truth artifacts","failureMessages":[],"meta":{}},{"ancestorTitles":["createStudioServer daemon lifecycle"],"fullName":"createStudioServer daemon lifecycle builds a default script workspace from selected chapter content","status":"skipped","title":"builds a default script workspace from selected chapter content","failureMessages":[],"meta":{}},{"ancestorTitles":["createStudioServer daemon lifecycle"],"fullName":"createStudioServer daemon lifecycle builds script workspace by episode when the strategy merges chapters","status":"skipped","title":"builds script workspace by episode when the strategy merges chapters","failureMessages":[],"meta":{}},{"ancestorTitles":["createStudioServer daemon lifecycle"],"fullName":"createStudioServer daemon lifecycle persists a saved script workspace under story state","status":"skipped","title":"persists a saved script workspace under story state","failureMessages":[],"meta":{}},{"ancestorTitles":["createStudioServer daemon lifecycle"],"fullName":"createStudioServer daemon lifecycle regenerates script workspace using request-time duration and prompt config","status":"skipped","title":"regenerates script workspace using request-time duration and prompt config","failureMessages":[],"meta":{}},{"ancestorTitles":["createStudioServer daemon lifecycle"],"fullName":"createStudioServer daemon lifecycle prefers llm-generated script workspace when the model returns valid structured json","status":"skipped","title":"prefers llm-generated script workspace when the model returns valid structured json","failureMessages":[],"meta":{}},{"ancestorTitles":["createStudioServer daemon lifecycle"],"fullName":"createStudioServer daemon lifecycle reads and persists task checklist template selection","status":"skipped","title":"reads and persists task checklist template selection","failureMessages":[],"meta":{}},{"ancestorTitles":["createStudioServer daemon lifecycle"],"fullName":"createStudioServer daemon lifecycle derives production workspace from script workspace when no production state exists","status":"skipped","title":"derives production workspace from script workspace when no production state exists","failureMessages":[],"meta":{}},{"ancestorTitles":["createStudioServer daemon lifecycle"],"fullName":"createStudioServer daemon lifecycle generates and persists production workspace storyboard state","status":"skipped","title":"generates and persists production workspace storyboard state","failureMessages":[],"meta":{}},{"ancestorTitles":["createStudioServer daemon lifecycle"],"fullName":"createStudioServer daemon lifecycle derives director plan from production workspace when no director-plan state exists","status":"skipped","title":"derives director plan from production workspace when no director-plan state exists","failureMessages":[],"meta":{}},{"ancestorTitles":["createStudioServer daemon lifecycle"],"fullName":"createStudioServer daemon lifecycle stores director plan history, returns diffs, and supports rollback","status":"skipped","title":"stores director plan history, returns diffs, and supports rollback","failureMessages":[],"meta":{}},{"ancestorTitles":["createStudioServer daemon lifecycle"],"fullName":"createStudioServer daemon lifecycle generates and persists asset library from production workspace","status":"skipped","title":"generates and persists asset library from production workspace","failureMessages":[],"meta":{}},{"ancestorTitles":["createStudioServer daemon lifecycle"],"fullName":"createStudioServer daemon lifecycle stores asset library history, returns diffs, and supports rollback","status":"skipped","title":"stores asset library history, returns diffs, and supports rollback","failureMessages":[],"meta":{}},{"ancestorTitles":["createStudioServer daemon lifecycle"],"fullName":"createStudioServer daemon lifecycle uploads asset library thumbnail and source file, then serves preview content","status":"skipped","title":"uploads asset library thumbnail and source file, then serves preview content","failureMessages":[],"meta":{}},{"ancestorTitles":["createStudioServer daemon lifecycle"],"fullName":"createStudioServer daemon lifecycle stores script workspace history and returns version diffs","status":"skipped","title":"stores script workspace history and returns version diffs","failureMessages":[],"meta":{}},{"ancestorTitles":["createStudioServer daemon lifecycle"],"fullName":"createStudioServer daemon lifecycle rolls back script workspace to a previous version and appends rollback history","status":"skipped","title":"rolls back script workspace to a previous version and appends rollback history","failureMessages":[],"meta":{}},{"ancestorTitles":["createStudioServer daemon lifecycle"],"fullName":"createStudioServer daemon lifecycle routes export-save through the shared structured interaction runtime","status":"skipped","title":"routes export-save through the shared structured interaction runtime","failureMessages":[],"meta":{}},{"ancestorTitles":["createStudioServer daemon lifecycle"],"fullName":"createStudioServer daemon lifecycle opens exported files only from the project root","status":"skipped","title":"opens exported files only from the project root","failureMessages":[],"meta":{}},{"ancestorTitles":["createStudioServer daemon lifecycle"],"fullName":"createStudioServer daemon lifecycle creates a fresh book session on POST /api/v1/sessions","status":"skipped","title":"creates a fresh book session on POST /api/v1/sessions","failureMessages":[],"meta":{}},{"ancestorTitles":["createStudioServer daemon lifecycle"],"fullName":"createStudioServer daemon lifecycle returns session:null for missing GET /api/v1/sessions/:sessionId","status":"skipped","title":"returns session:null for missing GET /api/v1/sessions/:sessionId","failureMessages":[],"meta":{}},{"ancestorTitles":["createStudioServer daemon lifecycle"],"fullName":"createStudioServer daemon lifecycle renames a session through PUT /api/v1/sessions/:sessionId","status":"skipped","title":"renames a session through PUT /api/v1/sessions/:sessionId","failureMessages":[],"meta":{}},{"ancestorTitles":["createStudioServer daemon lifecycle"],"fullName":"createStudioServer daemon lifecycle deletes a session through DELETE /api/v1/sessions/:sessionId","status":"skipped","title":"deletes a session through DELETE /api/v1/sessions/:sessionId","failureMessages":[],"meta":{}},{"ancestorTitles":["createStudioServer daemon lifecycle"],"fullName":"createStudioServer daemon lifecycle routes /api/agent through runAgentSession and returns response + sessionId","status":"skipped","title":"routes /api/agent through runAgentSession and returns response + sessionId","failureMessages":[],"meta":{}},{"ancestorTitles":["createStudioServer daemon lifecycle"],"fullName":"createStudioServer daemon lifecycle persists incremental streaming checkpoints with upserted assistant state","status":"skipped","title":"persists incremental streaming checkpoints with upserted assistant state","failureMessages":[],"meta":{}},{"ancestorTitles":["createStudioServer daemon lifecycle"],"fullName":"createStudioServer daemon lifecycle auto-switches reasoner model for write-intent agent calls and enables quick pipeline defaults","status":"skipped","title":"auto-switches reasoner model for write-intent agent calls and enables quick pipeline defaults","failureMessages":[],"meta":{}},{"ancestorTitles":["createStudioServer daemon lifecycle"],"fullName":"createStudioServer daemon lifecycle does not route wizard-step agent requests into chapter persistence repair even if the prompt mentions chapter missing text","status":"skipped","title":"does not route wizard-step agent requests into chapter persistence repair even if the prompt mentions chapter missing text","failureMessages":[],"meta":{}},{"ancestorTitles":["createStudioServer daemon lifecycle"],"fullName":"createStudioServer daemon lifecycle auto-switches default reasoner model for write-intent agent calls without explicit model selection","status":"skipped","title":"auto-switches default reasoner model for write-intent agent calls without explicit model selection","failureMessages":[],"meta":{}},{"ancestorTitles":["createStudioServer daemon lifecycle"],"fullName":"createStudioServer daemon lifecycle routes exact batch write command through deterministic pipeline execution","status":"skipped","title":"routes exact batch write command through deterministic pipeline execution","failureMessages":[],"meta":{}},{"ancestorTitles":["createStudioServer daemon lifecycle"],"fullName":"createStudioServer daemon lifecycle routes shorthand Chinese batch write command (写N章) through deterministic pipeline execution","status":"skipped","title":"routes shorthand Chinese batch write command (写N章) through deterministic pipeline execution","failureMessages":[],"meta":{}},{"ancestorTitles":["createStudioServer daemon lifecycle"],"fullName":"createStudioServer daemon lifecycle routes target chapter command (写第N章) through deterministic writer execution","status":"skipped","title":"routes target chapter command (写第N章) through deterministic writer execution","failureMessages":[],"meta":{}},{"ancestorTitles":["createStudioServer daemon lifecycle"],"fullName":"createStudioServer daemon lifecycle routes target chapter command with bare Chinese form (写17章) through deterministic writer execution","status":"skipped","title":"routes target chapter command with bare Chinese form (写17章) through deterministic writer execution","failureMessages":[],"meta":{}},{"ancestorTitles":["createStudioServer daemon lifecycle"],"fullName":"createStudioServer daemon lifecycle routes audit chapter command through deterministic auditor execution","status":"skipped","title":"routes audit chapter command through deterministic auditor execution","failureMessages":[],"meta":{}},{"ancestorTitles":["createStudioServer daemon lifecycle"],"fullName":"createStudioServer daemon lifecycle routes bare audit command to latest chapter through deterministic auditor execution","status":"skipped","title":"routes bare audit command to latest chapter through deterministic auditor execution","failureMessages":[],"meta":{}},{"ancestorTitles":["createStudioServer daemon lifecycle"],"fullName":"createStudioServer daemon lifecycle formats deterministic audit report with score and severity-grouped issue sections","status":"failed","title":"formats deterministic audit report with score and severity-grouped issue sections","duration":518.2515000000001,"failureMessages":["AssertionError: expected 500 to be 200 // Object.is equality\n    at F:\\InkOSv2\\MyInkos\\packages\\studio\\src\\api\\server.test.ts:7858:29\n    at file:///F:/InkOSv2/MyInkos/node_modules/.pnpm/@vitest+runner@3.2.4/node_modules/@vitest/runner/dist/chunk-hooks.js:752:20"],"meta":{}},{"ancestorTitles":["createStudioServer daemon lifecycle"],"fullName":"createStudioServer daemon lifecycle auto-enters revise and exits after passing on second audit in deterministic /agent flow","status":"skipped","title":"auto-enters revise and exits after passing on second audit in deterministic /agent flow","failureMessages":[],"meta":{}},{"ancestorTitles":["createStudioServer daemon lifecycle"],"fullName":"createStudioServer daemon lifecycle returns 404 when deterministic /agent audit reports missing chapter","status":"skipped","title":"returns 404 when deterministic /agent audit reports missing chapter","failureMessages":[],"meta":{}},{"ancestorTitles":["createStudioServer daemon lifecycle"],"fullName":"createStudioServer daemon lifecycle maps deterministic /agent audit upstream 410(no body) to AGENT_UPSTREAM_ERROR 502","status":"skipped","title":"maps deterministic /agent audit upstream 410(no body) to AGENT_UPSTREAM_ERROR 502","failureMessages":[],"meta":{}},{"ancestorTitles":["createStudioServer daemon lifecycle"],"fullName":"createStudioServer daemon lifecycle emits revise:start and revise:complete during deterministic audit auto-review loop","status":"skipped","title":"emits revise:start and revise:complete during deterministic audit auto-review loop","failureMessages":[],"meta":{}},{"ancestorTitles":["createStudioServer daemon lifecycle"],"fullName":"createStudioServer daemon lifecycle escalates unchanged auto revision to rework on the next round","status":"skipped","title":"escalates unchanged auto revision to rework on the next round","failureMessages":[],"meta":{}},{"ancestorTitles":["createStudioServer daemon lifecycle"],"fullName":"createStudioServer daemon lifecycle marks deterministic audit tool:end as error when final audit still fails","status":"skipped","title":"marks deterministic audit tool:end as error when final audit still fails","failureMessages":[],"meta":{}},{"ancestorTitles":["createStudioServer daemon lifecycle"],"fullName":"createStudioServer daemon lifecycle routes audit+revise chapter command through deterministic reviser execution with real chapter filename","status":"skipped","title":"routes audit+revise chapter command through deterministic reviser execution with real chapter filename","failureMessages":[],"meta":{}},{"ancestorTitles":["createStudioServer daemon lifecycle"],"fullName":"createStudioServer daemon lifecycle includes attempted fixes and current audit score when revise result is unchanged","status":"skipped","title":"includes attempted fixes and current audit score when revise result is unchanged","failureMessages":[],"meta":{}},{"ancestorTitles":["createStudioServer daemon lifecycle"],"fullName":"createStudioServer daemon lifecycle prefers structured audit from revise result when composing deterministic revise response","status":"skipped","title":"prefers structured audit from revise result when composing deterministic revise response","failureMessages":[],"meta":{}},{"ancestorTitles":["createStudioServer daemon lifecycle"],"fullName":"createStudioServer daemon lifecycle emits audit:complete for write-next, revise and rewrite deterministic commands","status":"skipped","title":"emits audit:complete for write-next, revise and rewrite deterministic commands","failureMessages":[],"meta":{}},{"ancestorTitles":["createStudioServer daemon lifecycle"],"fullName":"createStudioServer daemon lifecycle emits write-target entry for deterministic 写第N章 audit events","status":"skipped","title":"emits write-target entry for deterministic 写第N章 audit events","failureMessages":[],"meta":{}},{"ancestorTitles":["createStudioServer daemon lifecycle"],"fullName":"createStudioServer daemon lifecycle repairs missing index instead of writing next chapter when 写第N章 targets an existing chapter file","status":"skipped","title":"repairs missing index instead of writing next chapter when 写第N章 targets an existing chapter file","failureMessages":[],"meta":{}},{"ancestorTitles":["createStudioServer daemon lifecycle"],"fullName":"createStudioServer daemon lifecycle routes rewrite chapter command through deterministic writer execution with rollback","status":"skipped","title":"routes rewrite chapter command through deterministic writer execution with rollback","failureMessages":[],"meta":{}},{"ancestorTitles":["createStudioServer daemon lifecycle"],"fullName":"createStudioServer daemon lifecycle keeps destructive rewrite disabled by default for non-advanced users","status":"skipped","title":"keeps destructive rewrite disabled by default for non-advanced users","failureMessages":[],"meta":{}},{"ancestorTitles":["createStudioServer daemon lifecycle"],"fullName":"createStudioServer daemon lifecycle routes default rewrite chapter command through deterministic non-destructive revise execution","status":"skipped","title":"routes default rewrite chapter command through deterministic non-destructive revise execution","failureMessages":[],"meta":{}},{"ancestorTitles":["createStudioServer daemon lifecycle"],"fullName":"createStudioServer daemon lifecycle routes Chinese numeral rewrite command through deterministic non-destructive rewrite auto-review loop","status":"skipped","title":"routes Chinese numeral rewrite command through deterministic non-destructive rewrite auto-review loop","failureMessages":[],"meta":{}},{"ancestorTitles":["createStudioServer daemon lifecycle"],"fullName":"createStudioServer daemon lifecycle does not emit rollback/discarded logs for default non-destructive rewrite","status":"skipped","title":"does not emit rollback/discarded logs for default non-destructive rewrite","failureMessages":[],"meta":{}},{"ancestorTitles":["createStudioServer daemon lifecycle"],"fullName":"createStudioServer daemon lifecycle fails non-destructive rewrite when downstream index/files/snapshots regress","status":"skipped","title":"fails non-destructive rewrite when downstream index/files/snapshots regress","failureMessages":[],"meta":{}},{"ancestorTitles":["createStudioServer daemon lifecycle"],"fullName":"createStudioServer daemon lifecycle fails non-destructive rewrite batch when downstream chapters regress","status":"skipped","title":"fails non-destructive rewrite batch when downstream chapters regress","failureMessages":[],"meta":{}},{"ancestorTitles":["createStudioServer daemon lifecycle"],"fullName":"createStudioServer daemon lifecycle emits per-chapter audit:complete during non-destructive rewrite batch and includes audit summaries on rewrite:complete","status":"skipped","title":"emits per-chapter audit:complete during non-destructive rewrite batch and includes audit summaries on rewrite:complete","failureMessages":[],"meta":{}},{"ancestorTitles":["createStudioServer daemon lifecycle"],"fullName":"createStudioServer daemon lifecycle emits round-level audit/revise events for non-destructive rewrite endpoint","status":"skipped","title":"emits round-level audit/revise events for non-destructive rewrite endpoint","failureMessages":[],"meta":{}},{"ancestorTitles":["createStudioServer daemon lifecycle"],"fullName":"createStudioServer daemon lifecycle emits consistent terminal autoReview state fields across write-next/write-target/rewrite entries","status":"skipped","title":"emits consistent terminal autoReview state fields across write-next/write-target/rewrite entries","failureMessages":[],"meta":{}},{"ancestorTitles":["createStudioServer daemon lifecycle"],"fullName":"createStudioServer daemon lifecycle audits impacted chapters in batch and clears rewrite-impact review notes","status":"skipped","title":"audits impacted chapters in batch and clears rewrite-impact review notes","failureMessages":[],"meta":{}},{"ancestorTitles":["createStudioServer daemon lifecycle"],"fullName":"createStudioServer daemon lifecycle updates chapter title via chapter meta patch without changing chapter number","status":"skipped","title":"updates chapter title via chapter meta patch without changing chapter number","failureMessages":[],"meta":{}},{"ancestorTitles":["createStudioServer daemon lifecycle"],"fullName":"createStudioServer daemon lifecycle rejects blank chapter titles via chapter meta patch","status":"skipped","title":"rejects blank chapter titles via chapter meta patch","failureMessages":[],"meta":{}},{"ancestorTitles":["createStudioServer daemon lifecycle"],"fullName":"createStudioServer daemon lifecycle returns AGENT_REWRITE_SNAPSHOT_MISSING when rollback snapshot is unavailable","status":"skipped","title":"returns AGENT_REWRITE_SNAPSHOT_MISSING when rollback snapshot is unavailable","failureMessages":[],"meta":{}},{"ancestorTitles":["createStudioServer daemon lifecycle"],"fullName":"createStudioServer daemon lifecycle repairs missing rollback snapshot and continues deterministic rewrite","status":"skipped","title":"repairs missing rollback snapshot and continues deterministic rewrite","failureMessages":[],"meta":{}},{"ancestorTitles":["createStudioServer daemon lifecycle"],"fullName":"createStudioServer daemon lifecycle routes rewrite chapter range command through deterministic writer execution with batch progress semantics","status":"skipped","title":"routes rewrite chapter range command through deterministic writer execution with batch progress semantics","failureMessages":[],"meta":{}},{"ancestorTitles":["createStudioServer daemon lifecycle"],"fullName":"createStudioServer daemon lifecycle emits batch:progress started/progress/completed during deterministic rewrite batch execution","status":"skipped","title":"emits batch:progress started/progress/completed during deterministic rewrite batch execution","failureMessages":[],"meta":{}},{"ancestorTitles":["createStudioServer daemon lifecycle"],"fullName":"createStudioServer daemon lifecycle emits chapter:delta during deterministic rewrite execution","status":"skipped","title":"emits chapter:delta during deterministic rewrite execution","failureMessages":[],"meta":{}},{"ancestorTitles":["createStudioServer daemon lifecycle"],"fullName":"createStudioServer daemon lifecycle replays persisted chapter content as chapter:delta when deterministic target write has no live writer delta","status":"skipped","title":"replays persisted chapter content as chapter:delta when deterministic target write has no live writer delta","failureMessages":[],"meta":{}},{"ancestorTitles":["createStudioServer daemon lifecycle"],"fullName":"createStudioServer daemon lifecycle replays persisted chapter content as chapter:delta for default non-destructive rewrite when no reviser delta is streamed","status":"skipped","title":"replays persisted chapter content as chapter:delta for default non-destructive rewrite when no reviser delta is streamed","failureMessages":[],"meta":{}},{"ancestorTitles":["createStudioServer daemon lifecycle"],"fullName":"createStudioServer daemon lifecycle emits chapter:delta patch preview during deterministic spot-fix revise execution","status":"skipped","title":"emits chapter:delta patch preview during deterministic spot-fix revise execution","failureMessages":[],"meta":{}},{"ancestorTitles":["createStudioServer daemon lifecycle"],"fullName":"createStudioServer daemon lifecycle emits thinking:start/delta/end with metadata during deterministic rewrite execution","status":"skipped","title":"emits thinking:start/delta/end with metadata during deterministic rewrite execution","failureMessages":[],"meta":{}},{"ancestorTitles":["createStudioServer daemon lifecycle"],"fullName":"createStudioServer daemon lifecycle emits thinking:start/delta/end with metadata during deterministic target chapter write","status":"skipped","title":"emits thinking:start/delta/end with metadata during deterministic target chapter write","failureMessages":[],"meta":{}},{"ancestorTitles":["createStudioServer daemon lifecycle"],"fullName":"createStudioServer daemon lifecycle emits tool:update, chapter:delta and batch:progress with sessionId/runId payloads","status":"skipped","title":"emits tool:update, chapter:delta and batch:progress with sessionId/runId payloads","failureMessages":[],"meta":{}},{"ancestorTitles":["createStudioServer daemon lifecycle"],"fullName":"createStudioServer daemon lifecycle emits log events with run/chapter context prefixes for writer progress","status":"skipped","title":"emits log events with run/chapter context prefixes for writer progress","failureMessages":[],"meta":{}},{"ancestorTitles":["createStudioServer daemon lifecycle"],"fullName":"createStudioServer daemon lifecycle emits synthetic draft:delta when upstream returns response text without text deltas","status":"skipped","title":"emits synthetic draft:delta when upstream returns response text without text deltas","failureMessages":[],"meta":{}},{"ancestorTitles":["createStudioServer daemon lifecycle"],"fullName":"createStudioServer daemon lifecycle routes wizard world-step agent requests to draft generation instead of summary chat","status":"skipped","title":"routes wizard world-step agent requests to draft generation instead of summary chat","failureMessages":[],"meta":{}},{"ancestorTitles":["createStudioServer daemon lifecycle"],"fullName":"createStudioServer daemon lifecycle returns AGENT_WRITE_NOT_EXECUTED when write intent does not call writer tool","status":"skipped","title":"returns AGENT_WRITE_NOT_EXECUTED when write intent does not call writer tool","failureMessages":[],"meta":{}},{"ancestorTitles":["createStudioServer daemon lifecycle"],"fullName":"createStudioServer daemon lifecycle repairs missing chapter index deterministically for persistence-repair command","status":"skipped","title":"repairs missing chapter index deterministically for persistence-repair command","failureMessages":[],"meta":{}},{"ancestorTitles":["createStudioServer daemon lifecycle"],"fullName":"createStudioServer daemon lifecycle returns AGENT_TOOL_CALL_BLOCKED when model emits blocked tool-call marker without execution","status":"skipped","title":"returns AGENT_TOOL_CALL_BLOCKED when model emits blocked tool-call marker without execution","failureMessages":[],"meta":{}},{"ancestorTitles":["createStudioServer daemon lifecycle"],"fullName":"createStudioServer daemon lifecycle returns AGENT_WRITE_NOT_PERSISTED when writer succeeds but no chapter index is added","status":"skipped","title":"returns AGENT_WRITE_NOT_PERSISTED when writer succeeds but no chapter index is added","failureMessages":[],"meta":{}},{"ancestorTitles":["createStudioServer daemon lifecycle"],"fullName":"createStudioServer daemon lifecycle returns AGENT_WRITE_NOT_PERSISTED when deterministic rewrite does not persist chapter artifacts","status":"skipped","title":"returns AGENT_WRITE_NOT_PERSISTED when deterministic rewrite does not persist chapter artifacts","failureMessages":[],"meta":{}},{"ancestorTitles":["createStudioServer daemon lifecycle"],"fullName":"createStudioServer daemon lifecycle returns AGENT_WRITE_NOT_PERSISTED when deterministic rewrite batch does not persist chapter artifacts","status":"skipped","title":"returns AGENT_WRITE_NOT_PERSISTED when deterministic rewrite batch does not persist chapter artifacts","failureMessages":[],"meta":{}},{"ancestorTitles":["createStudioServer daemon lifecycle"],"fullName":"createStudioServer daemon lifecycle returns AGENT_WRITE_DEGRADED with recovery details for deterministic write-next","status":"skipped","title":"returns AGENT_WRITE_DEGRADED with recovery details for deterministic write-next","failureMessages":[],"meta":{}},{"ancestorTitles":["createStudioServer daemon lifecycle"],"fullName":"createStudioServer daemon lifecycle returns AGENT_WRITE_DEGRADED when deterministic rewrite settles chapter as state-degraded","status":"skipped","title":"returns AGENT_WRITE_DEGRADED when deterministic rewrite settles chapter as state-degraded","failureMessages":[],"meta":{}},{"ancestorTitles":["createStudioServer daemon lifecycle"],"fullName":"createStudioServer daemon lifecycle returns AGENT_WRITE_DEGRADED when deterministic rewrite batch hits a state-degraded chapter","status":"skipped","title":"returns AGENT_WRITE_DEGRADED when deterministic rewrite batch hits a state-degraded chapter","failureMessages":[],"meta":{}},{"ancestorTitles":["createStudioServer daemon lifecycle"],"fullName":"createStudioServer daemon lifecycle maps state-degraded precondition errors to AGENT_WRITE_DEGRADED for deterministic rewrite","status":"skipped","title":"maps state-degraded precondition errors to AGENT_WRITE_DEGRADED for deterministic rewrite","failureMessages":[],"meta":{}},{"ancestorTitles":["createStudioServer daemon lifecycle"],"fullName":"createStudioServer daemon lifecycle auto-repairs missing chapter index from disk and emits persist telemetry events","status":"skipped","title":"auto-repairs missing chapter index from disk and emits persist telemetry events","failureMessages":[],"meta":{}},{"ancestorTitles":["createStudioServer daemon lifecycle"],"fullName":"createStudioServer daemon lifecycle keeps chapter file and chapter index visible after chat write-next command","status":"skipped","title":"keeps chapter file and chapter index visible after chat write-next command","failureMessages":[],"meta":{}},{"ancestorTitles":["createStudioServer daemon lifecycle"],"fullName":"createStudioServer daemon lifecycle allows /api/agent to use explicit service+model when Studio config has no defaultModel","status":"skipped","title":"allows /api/agent to use explicit service+model when Studio config has no defaultModel","failureMessages":[],"meta":{}},{"ancestorTitles":["createStudioServer daemon lifecycle"],"fullName":"createStudioServer daemon lifecycle returns 500 with an error payload when the agent session fails","status":"skipped","title":"returns 500 with an error payload when the agent session fails","failureMessages":[],"meta":{}},{"ancestorTitles":["createStudioServer daemon lifecycle"],"fullName":"createStudioServer daemon lifecycle maps non-deterministic /agent upstream 410(no body) to AGENT_UPSTREAM_ERROR 502","status":"skipped","title":"maps non-deterministic /agent upstream 410(no body) to AGENT_UPSTREAM_ERROR 502","failureMessages":[],"meta":{}},{"ancestorTitles":["createStudioServer daemon lifecycle"],"fullName":"createStudioServer daemon lifecycle probes the upstream when the agent returns empty text and surfaces the real error","status":"skipped","title":"probes the upstream when the agent returns empty text and surfaces the real error","failureMessages":[],"meta":{}},{"ancestorTitles":["createStudioServer daemon lifecycle"],"fullName":"createStudioServer daemon lifecycle falls back to plain chat when the tool-agent returns empty text","status":"skipped","title":"falls back to plain chat when the tool-agent returns empty text","failureMessages":[],"meta":{}},{"ancestorTitles":["createStudioServer daemon lifecycle"],"fullName":"createStudioServer daemon lifecycle exposes /api/v1/agent/stop and returns stopped=false when no run is active","status":"skipped","title":"exposes /api/v1/agent/stop and returns stopped=false when no run is active","failureMessages":[],"meta":{}},{"ancestorTitles":["createStudioServer daemon lifecycle"],"fullName":"createStudioServer daemon lifecycle exposes /api/v1/agent/status and returns running=false when no run is active","status":"skipped","title":"exposes /api/v1/agent/status and returns running=false when no run is active","failureMessages":[],"meta":{}},{"ancestorTitles":["createStudioServer daemon lifecycle"],"fullName":"createStudioServer daemon lifecycle exposes /api/v1/agent/status and returns running=true for active run","status":"skipped","title":"exposes /api/v1/agent/status and returns running=true for active run","failureMessages":[],"meta":{}},{"ancestorTitles":["createStudioServer daemon lifecycle"],"fullName":"createStudioServer daemon lifecycle rejects /api/v1/agent requests without sessionId","status":"skipped","title":"rejects /api/v1/agent requests without sessionId","failureMessages":[],"meta":{}},{"ancestorTitles":["createStudioServer daemon lifecycle"],"fullName":"createStudioServer daemon lifecycle returns the shared interaction session state","status":"skipped","title":"returns the shared interaction session state","failureMessages":[],"meta":{}},{"ancestorTitles":["createStudioServer daemon lifecycle"],"fullName":"createStudioServer daemon lifecycle returns creation-draft state through the shared interaction session endpoint","status":"skipped","title":"returns creation-draft state through the shared interaction session endpoint","failureMessages":[],"meta":{}},{"ancestorTitles":["createStudioServer daemon lifecycle"],"fullName":"createStudioServer daemon lifecycle posts structured interaction requests through the shared interaction session endpoint","status":"skipped","title":"posts structured interaction requests through the shared interaction session endpoint","failureMessages":[],"meta":{}},{"ancestorTitles":["createStudioServer daemon lifecycle"],"fullName":"createStudioServer daemon lifecycle returns wizard draftRaw details through the shared interaction session endpoint","status":"skipped","title":"returns wizard draftRaw details through the shared interaction session endpoint","failureMessages":[],"meta":{}},{"ancestorTitles":["createStudioServer daemon lifecycle"],"fullName":"createStudioServer daemon lifecycle treats legacy books without wizard state as already completed","status":"skipped","title":"treats legacy books without wizard state as already completed","failureMessages":[],"meta":{}},{"ancestorTitles":["createStudioServer daemon lifecycle"],"fullName":"createStudioServer daemon lifecycle posts retreat wizard requests through the shared interaction session endpoint without streaming","status":"skipped","title":"posts retreat wizard requests through the shared interaction session endpoint without streaming","failureMessages":[],"meta":{}},{"ancestorTitles":["createStudioServer daemon lifecycle"],"fullName":"createStudioServer daemon lifecycle returns structured 409 errors for blocked wizard control requests","status":"skipped","title":"returns structured 409 errors for blocked wizard control requests","failureMessages":[],"meta":{}}],"startTime":1781538032381,"endTime":1781538032899.2515,"status":"failed","message":"","name":"F:/InkOSv2/MyInkos/packages/studio/src/api/server.test.ts"}]}